<?xml version="1.0" encoding="UTF-8"?>
<robot generator="Robot 7.2 (Python 3.12.6 on win32)" generated="2025-02-28T19:45:22.304899" rpa="false" schemaversion="5">
<suite id="s1" name="Milestone project" source="C:\Users\Mukesh Prajapati\turtleproject\pythonProject3\TestcaseSLNM\milestone_project\Milestone_project.robot">
<test id="s1-t1" name="Google Search Test" line="11">
<kw name="Open Browser" owner="SeleniumLibrary">
<msg time="2025-02-28T19:45:22.568758" level="INFO">Opening browser 'Chrome' to base url 'https://www.google.com'.</msg>
<arg>${URL}</arg>
<arg>${BROWSER}</arg>
<doc>Opens a new browser instance to the optional ``url``.</doc>
<status status="PASS" start="2025-02-28T19:45:22.567750" elapsed="3.449805"/>
</kw>
<kw name="Maximize Browser Window" owner="SeleniumLibrary">
<doc>Maximizes current browser window.</doc>
<status status="PASS" start="2025-02-28T19:45:26.024111" elapsed="0.110750"/>
</kw>
<kw name="Wait Until Element Is Visible" owner="SeleniumLibrary">
<arg>name:q</arg>
<arg>10s</arg>
<doc>Waits until the element ``locator`` is visible.</doc>
<status status="PASS" start="2025-02-28T19:45:26.136289" elapsed="0.114175"/>
</kw>
<kw name="Input Text" owner="SeleniumLibrary">
<msg time="2025-02-28T19:45:26.251472" level="INFO">Typing text 'selenium' into text field 'name:q'.</msg>
<arg>name:q</arg>
<arg>${SEARCH_TEXT}</arg>
<doc>Types the given ``text`` into the text field identified by ``locator``.</doc>
<status status="PASS" start="2025-02-28T19:45:26.251472" elapsed="0.199125"/>
</kw>
<kw name="Press Keys" owner="SeleniumLibrary">
<msg time="2025-02-28T19:45:26.452588" level="INFO">Sending key(s) ('ENTER',) to name:q element.</msg>
<msg time="2025-02-28T19:45:26.783466" level="INFO">Pressing special key ENTER to element.</msg>
<msg time="2025-02-28T19:45:26.783466" level="INFO">Releasing special key ENTER.</msg>
<arg>name:q</arg>
<arg>ENTER</arg>
<doc>Simulates the user pressing key(s) to an element or on the active browser.</doc>
<status status="PASS" start="2025-02-28T19:45:26.451588" elapsed="1.669947"/>
</kw>
<kw name="Wait Until Element Is Visible" owner="SeleniumLibrary">
<arg>xpath:(//h3)[1]</arg>
<arg>20s</arg>
<doc>Waits until the element ``locator`` is visible.</doc>
<status status="PASS" start="2025-02-28T19:45:28.123046" elapsed="15.496249"/>
</kw>
<kw name="Click Element" owner="SeleniumLibrary">
<msg time="2025-02-28T19:45:43.620295" level="INFO">Clicking element 'xpath:(//h3)[1]'.</msg>
<arg>xpath:(//h3)[1]</arg>
<doc>Click the element identified by ``locator``.</doc>
<status status="PASS" start="2025-02-28T19:45:43.620295" elapsed="0.589494"/>
</kw>
<kw name="Wait Until Page Contains" owner="SeleniumLibrary">
<arg>Selenium</arg>
<arg>15s</arg>
<doc>Waits until ``text`` appears on the current page.</doc>
<status status="PASS" start="2025-02-28T19:45:44.209789" elapsed="0.029554"/>
</kw>
<kw name="Close Browser" owner="SeleniumLibrary">
<doc>Closes the current browser.</doc>
<status status="PASS" start="2025-02-28T19:45:44.239343" elapsed="2.329651"/>
</kw>
<status status="PASS" start="2025-02-28T19:45:22.566239" elapsed="24.003828"/>
</test>
<doc>Simple Google Search Test</doc>
<status status="PASS" start="2025-02-28T19:45:22.306406" elapsed="24.264660"/>
</suite>
<statistics>
<total>
<stat pass="1" fail="0" skip="0">All Tests</stat>
</total>
<tag>
</tag>
<suite>
<stat name="Milestone project" id="s1" pass="1" fail="0" skip="0">Milestone project</stat>
</suite>
</statistics>
<errors>
</errors>
</robot>
